<?xml version="1.0" encoding="UTF-8"?>
<!-- Generated by org.testng.reporters.JUnitReportReporter -->
<testsuite skipped="0" hostname="Chikkus_hp" name="com.obsqura.samples.Uitest" tests="1" failures="0" timestamp="01 Mar 2023 08:30:16 GMT" time="0.610" errors="0">
  <testcase name="applicationForm" time="0.610" classname="com.obsqura.samples.Uitest"/>
</testsuite> <!-- com.obsqura.samples.Uitest -->
